[0213/152216.426:ERROR:viz_main_impl.cc(162)] Exiting GPU process due to errors during initialization
[0213/152216.854:ERROR:viz_main_impl.cc(162)] Exiting GPU process due to errors during initialization
[0213/152217.359:ERROR:gpu_init.cc(441)] Passthrough is not supported, GL is disabled
[0213/154159.904:ERROR:dns_config_service.cc(259)] DNS config watch failed.
[0213/154200.155:ERROR:dns_config_service.cc(259)] DNS config watch failed.
[0213/180231.424:ERROR:network_service_instance_impl.cc(331)] Network service crashed, restarting service.
[0213/180232.131:ERROR:network_service_instance_impl.cc(331)] Network service crashed, restarting service.
[0213/180232.180:ERROR:gpu_process_host.cc(995)] GPU process exited unexpectedly: exit_code=1073807364
[0213/180232.193:WARNING:gpu_process_host.cc(1308)] The GPU process has crashed 1 time(s)
[0213/180232.460:ERROR:network_service_instance_impl.cc(331)] Network service crashed, restarting service.
[0213/180232.492:ERROR:gpu_process_host.cc(995)] GPU process exited unexpectedly: exit_code=-1073741205
[0213/180232.492:WARNING:gpu_process_host.cc(1308)] The GPU process has crashed 2 time(s)
[0213/180232.682:ERROR:network_service_instance_impl.cc(331)] Network service crashed, restarting service.
[0213/180232.743:ERROR:gpu_process_host.cc(995)] GPU process exited unexpectedly: exit_code=-1073741205
[0213/180232.743:WARNING:gpu_process_host.cc(1308)] The GPU process has crashed 3 time(s)
[0213/180232.743:FATAL:gpu_data_manager_impl_private.cc(414)] GPU process isn't usable. Goodbye.
[0213/201749.331:ERROR:viz_main_impl.cc(162)] Exiting GPU process due to errors during initialization
[0213/201749.773:ERROR:viz_main_impl.cc(162)] Exiting GPU process due to errors during initialization
[0213/201750.137:ERROR:gpu_init.cc(441)] Passthrough is not supported, GL is disabled
[0213/201817.101:ERROR:dns_config_service.cc(259)] DNS config watch failed.
[0213/201817.102:ERROR:dns_config_service.cc(259)] DNS config watch failed.
[0214/093409.279:INFO:CONSOLE(9)] "Uncaught TypeError: Cannot read property 'addEventListener' of null", source: file:///C:/Projects/Deveolpment/Yesu%20Krupalaya%20Bada/Test1/script.js (9)
[0214/093425.122:INFO:CONSOLE(9)] "Uncaught TypeError: Cannot read property 'addEventListener' of null", source: file:///C:/Projects/Deveolpment/Yesu%20Krupalaya%20Bada/Test1/script.js (9)
[0214/093425.155:INFO:CONSOLE(9)] "Uncaught TypeError: Cannot read property 'addEventListener' of null", source: file:///C:/Projects/Deveolpment/Yesu%20Krupalaya%20Bada/Test1/script.js (9)
[0214/093436.853:INFO:CONSOLE(9)] "Uncaught TypeError: Cannot read property 'addEventListener' of null", source: file:///C:/Projects/Deveolpment/Yesu%20Krupalaya%20Bada/Test1/script.js (9)
[0214/093436.940:INFO:CONSOLE(9)] "Uncaught TypeError: Cannot read property 'addEventListener' of null", source: file:///C:/Projects/Deveolpment/Yesu%20Krupalaya%20Bada/Test1/script.js (9)
[0214/093444.844:INFO:CONSOLE(9)] "Uncaught TypeError: Cannot read property 'addEventListener' of null", source: file:///C:/Projects/Deveolpment/Yesu%20Krupalaya%20Bada/Test1/script.js (9)
[0214/093444.985:INFO:CONSOLE(9)] "Uncaught TypeError: Cannot read property 'addEventListener' of null", source: file:///C:/Projects/Deveolpment/Yesu%20Krupalaya%20Bada/Test1/script.js (9)
[0214/093445.511:INFO:CONSOLE(9)] "Uncaught TypeError: Cannot read property 'addEventListener' of null", source: file:///C:/Projects/Deveolpment/Yesu%20Krupalaya%20Bada/Test1/script.js (9)
[0214/093445.649:INFO:CONSOLE(9)] "Uncaught TypeError: Cannot read property 'addEventListener' of null", source: file:///C:/Projects/Deveolpment/Yesu%20Krupalaya%20Bada/Test1/script.js (9)
[0214/093449.474:INFO:CONSOLE(9)] "Uncaught TypeError: Cannot read property 'addEventListener' of null", source: file:///C:/Projects/Deveolpment/Yesu%20Krupalaya%20Bada/Test1/script.js (9)
[0214/093449.624:INFO:CONSOLE(9)] "Uncaught TypeError: Cannot read property 'addEventListener' of null", source: file:///C:/Projects/Deveolpment/Yesu%20Krupalaya%20Bada/Test1/script.js (9)
[0214/093454.657:INFO:CONSOLE(9)] "Uncaught TypeError: Cannot read property 'addEventListener' of null", source: file:///C:/Projects/Deveolpment/Yesu%20Krupalaya%20Bada/Test1/script.js (9)
[0214/093454.729:INFO:CONSOLE(9)] "Uncaught TypeError: Cannot read property 'addEventListener' of null", source: file:///C:/Projects/Deveolpment/Yesu%20Krupalaya%20Bada/Test1/script.js (9)
[0214/093458.963:INFO:CONSOLE(9)] "Uncaught TypeError: Cannot read property 'addEventListener' of null", source: file:///C:/Projects/Deveolpment/Yesu%20Krupalaya%20Bada/Test1/script.js (9)
[0214/093459.117:INFO:CONSOLE(9)] "Uncaught TypeError: Cannot read property 'addEventListener' of null", source: file:///C:/Projects/Deveolpment/Yesu%20Krupalaya%20Bada/Test1/script.js (9)
[0214/094756.688:INFO:CONSOLE(2)] "Uncaught SyntaxError: Unexpected string", source: file:///C:/Projects/Deveolpment/Yesu%20Krupalaya%20Bada/Test1/script.js (2)
[0214/094807.086:INFO:CONSOLE(2)] "Uncaught SyntaxError: Unexpected string", source: file:///C:/Projects/Deveolpment/Yesu%20Krupalaya%20Bada/Test1/script.js (2)
[0214/094824.693:INFO:CONSOLE(2)] "Uncaught SyntaxError: Unexpected string", source: file:///C:/Projects/Deveolpment/Yesu%20Krupalaya%20Bada/Test1/script.js (2)
[0214/095619.455:INFO:CONSOLE(2)] "Uncaught SyntaxError: Missing initializer in const declaration", source: file:///C:/Projects/Deveolpment/Yesu%20Krupalaya%20Bada/Test1/script.js (2)
[0214/095619.526:INFO:CONSOLE(2)] "Uncaught SyntaxError: Missing initializer in const declaration", source: file:///C:/Projects/Deveolpment/Yesu%20Krupalaya%20Bada/Test1/script.js (2)
[0214/095658.854:INFO:CONSOLE(2)] "Uncaught SyntaxError: Missing initializer in const declaration", source: file:///C:/Projects/Deveolpment/Yesu%20Krupalaya%20Bada/Test1/script.js (2)
[0214/095658.986:INFO:CONSOLE(2)] "Uncaught SyntaxError: Missing initializer in const declaration", source: file:///C:/Projects/Deveolpment/Yesu%20Krupalaya%20Bada/Test1/script.js (2)
[0214/095721.816:INFO:CONSOLE(2)] "Uncaught SyntaxError: Missing initializer in const declaration", source: file:///C:/Projects/Deveolpment/Yesu%20Krupalaya%20Bada/Test1/script.js (2)
[0214/095721.955:INFO:CONSOLE(2)] "Uncaught SyntaxError: Missing initializer in const declaration", source: file:///C:/Projects/Deveolpment/Yesu%20Krupalaya%20Bada/Test1/script.js (2)
[0214/095731.304:INFO:CONSOLE(2)] "Uncaught SyntaxError: Missing initializer in const declaration", source: file:///C:/Projects/Deveolpment/Yesu%20Krupalaya%20Bada/Test1/script.js (2)
[0214/115801.361:ERROR:dns_config_service.cc(259)] DNS config watch failed.
[0214/180931.862:ERROR:gpu_process_host.cc(995)] GPU process exited unexpectedly: exit_code=1073807364
[0214/180931.877:WARNING:gpu_process_host.cc(1308)] The GPU process has crashed 1 time(s)
[0214/180931.877:ERROR:network_service_instance_impl.cc(331)] Network service crashed, restarting service.
[0214/180932.066:ERROR:gpu_process_host.cc(995)] GPU process exited unexpectedly: exit_code=-1073741205
[0214/180932.066:WARNING:gpu_process_host.cc(1308)] The GPU process has crashed 2 time(s)
[0214/180932.081:ERROR:network_service_instance_impl.cc(331)] Network service crashed, restarting service.
[0214/180932.270:ERROR:network_service_instance_impl.cc(331)] Network service crashed, restarting service.
[0214/180932.301:ERROR:gpu_process_host.cc(995)] GPU process exited unexpectedly: exit_code=-1073741205
[0214/180932.301:WARNING:gpu_process_host.cc(1308)] The GPU process has crashed 3 time(s)
[0214/180932.301:FATAL:gpu_data_manager_impl_private.cc(414)] GPU process isn't usable. Goodbye.
[0215/063630.723:ERROR:viz_main_impl.cc(162)] Exiting GPU process due to errors during initialization
[0215/063631.753:ERROR:viz_main_impl.cc(162)] Exiting GPU process due to errors during initialization
[0215/063632.399:ERROR:gpu_init.cc(441)] Passthrough is not supported, GL is disabled
[0215/063809.312:ERROR:dns_config_service.cc(259)] DNS config watch failed.
[0215/063809.314:ERROR:dns_config_service.cc(259)] DNS config watch failed.
[0215/073646.872:WARNING:dns_config_service_win.cc(712)] Failed to read DnsConfig.
[0215/073646.889:WARNING:dns_config_service_win.cc(712)] Failed to read DnsConfig.
[0215/073651.925:WARNING:dns_config_service_win.cc(712)] Failed to read DnsConfig.
[0215/073651.925:WARNING:dns_config_service_win.cc(712)] Failed to read DnsConfig.
[0215/073656.932:WARNING:dns_config_service_win.cc(712)] Failed to read DnsConfig.
[0215/073656.980:WARNING:dns_config_service_win.cc(712)] Failed to read DnsConfig.
[0215/073701.951:WARNING:dns_config_service_win.cc(712)] Failed to read DnsConfig.
[0215/073701.998:WARNING:dns_config_service_win.cc(712)] Failed to read DnsConfig.
[0215/073706.976:WARNING:dns_config_service_win.cc(712)] Failed to read DnsConfig.
[0215/073707.024:WARNING:dns_config_service_win.cc(712)] Failed to read DnsConfig.
[0215/073711.999:WARNING:dns_config_service_win.cc(712)] Failed to read DnsConfig.
[0215/073712.061:WARNING:dns_config_service_win.cc(712)] Failed to read DnsConfig.
[0215/073717.017:WARNING:dns_config_service_win.cc(712)] Failed to read DnsConfig.
[0215/073717.070:WARNING:dns_config_service_win.cc(712)] Failed to read DnsConfig.
[0215/073717.792:WARNING:dns_config_service_win.cc(712)] Failed to read DnsConfig.
[0215/073722.031:WARNING:dns_config_service_win.cc(712)] Failed to read DnsConfig.
[0215/073722.109:WARNING:dns_config_service_win.cc(712)] Failed to read DnsConfig.
[0215/073722.800:WARNING:dns_config_service_win.cc(712)] Failed to read DnsConfig.
[0215/073727.040:WARNING:dns_config_service_win.cc(712)] Failed to read DnsConfig.
[0215/073727.118:WARNING:dns_config_service_win.cc(712)] Failed to read DnsConfig.
[0215/073727.825:WARNING:dns_config_service_win.cc(712)] Failed to read DnsConfig.
[0215/073732.063:WARNING:dns_config_service_win.cc(712)] Failed to read DnsConfig.
[0215/073732.157:WARNING:dns_config_service_win.cc(712)] Failed to read DnsConfig.
[0215/073732.848:WARNING:dns_config_service_win.cc(712)] Failed to read DnsConfig.
[0215/073737.069:WARNING:dns_config_service_win.cc(712)] Failed to read DnsConfig.
[0215/073737.163:WARNING:dns_config_service_win.cc(712)] Failed to read DnsConfig.
[0215/073737.870:WARNING:dns_config_service_win.cc(712)] Failed to read DnsConfig.
[0215/073742.092:WARNING:dns_config_service_win.cc(712)] Failed to read DnsConfig.
[0215/073742.187:WARNING:dns_config_service_win.cc(712)] Failed to read DnsConfig.
[0215/073742.893:WARNING:dns_config_service_win.cc(712)] Failed to read DnsConfig.
[0215/073747.115:WARNING:dns_config_service_win.cc(712)] Failed to read DnsConfig.
[0215/073747.209:WARNING:dns_config_service_win.cc(712)] Failed to read DnsConfig.
[0215/073747.916:WARNING:dns_config_service_win.cc(712)] Failed to read DnsConfig.
[0215/073752.138:WARNING:dns_config_service_win.cc(712)] Failed to read DnsConfig.
[0215/073752.232:WARNING:dns_config_service_win.cc(712)] Failed to read DnsConfig.
[0215/073752.938:WARNING:dns_config_service_win.cc(712)] Failed to read DnsConfig.
[0215/073757.160:WARNING:dns_config_service_win.cc(712)] Failed to read DnsConfig.
[0215/073757.254:WARNING:dns_config_service_win.cc(712)] Failed to read DnsConfig.
[0215/073757.960:WARNING:dns_config_service_win.cc(712)] Failed to read DnsConfig.
[0215/073802.181:WARNING:dns_config_service_win.cc(712)] Failed to read DnsConfig.
[0215/073802.275:WARNING:dns_config_service_win.cc(712)] Failed to read DnsConfig.
[0215/073802.981:WARNING:dns_config_service_win.cc(712)] Failed to read DnsConfig.
[0215/073807.202:WARNING:dns_config_service_win.cc(712)] Failed to read DnsConfig.
[0215/073807.295:WARNING:dns_config_service_win.cc(712)] Failed to read DnsConfig.
[0215/073808.001:WARNING:dns_config_service_win.cc(712)] Failed to read DnsConfig.
[0215/073812.229:WARNING:dns_config_service_win.cc(712)] Failed to read DnsConfig.
[0215/073812.316:WARNING:dns_config_service_win.cc(712)] Failed to read DnsConfig.
[0215/073813.031:WARNING:dns_config_service_win.cc(712)] Failed to read DnsConfig.
[0215/073817.245:WARNING:dns_config_service_win.cc(712)] Failed to read DnsConfig.
[0215/073817.339:WARNING:dns_config_service_win.cc(712)] Failed to read DnsConfig.
[0215/073818.045:WARNING:dns_config_service_win.cc(712)] Failed to read DnsConfig.
[0215/073822.266:WARNING:dns_config_service_win.cc(712)] Failed to read DnsConfig.
[0215/073822.360:WARNING:dns_config_service_win.cc(712)] Failed to read DnsConfig.
[0215/073823.066:WARNING:dns_config_service_win.cc(712)] Failed to read DnsConfig.
[0215/073827.272:WARNING:dns_config_service_win.cc(712)] Failed to read DnsConfig.
[0215/073827.366:WARNING:dns_config_service_win.cc(712)] Failed to read DnsConfig.
[0215/073828.089:WARNING:dns_config_service_win.cc(712)] Failed to read DnsConfig.
[0215/073832.296:WARNING:dns_config_service_win.cc(712)] Failed to read DnsConfig.
[0215/073832.390:WARNING:dns_config_service_win.cc(712)] Failed to read DnsConfig.
[0215/073833.113:WARNING:dns_config_service_win.cc(712)] Failed to read DnsConfig.
[0215/073837.319:WARNING:dns_config_service_win.cc(712)] Failed to read DnsConfig.
[0215/073837.414:WARNING:dns_config_service_win.cc(712)] Failed to read DnsConfig.
[0215/073838.135:WARNING:dns_config_service_win.cc(712)] Failed to read DnsConfig.
[0215/073842.341:WARNING:dns_config_service_win.cc(712)] Failed to read DnsConfig.
[0215/073842.435:WARNING:dns_config_service_win.cc(712)] Failed to read DnsConfig.
[0215/073843.157:WARNING:dns_config_service_win.cc(712)] Failed to read DnsConfig.
[0215/073847.363:WARNING:dns_config_service_win.cc(712)] Failed to read DnsConfig.
[0215/073847.458:WARNING:dns_config_service_win.cc(712)] Failed to read DnsConfig.
[0215/073848.180:WARNING:dns_config_service_win.cc(712)] Failed to read DnsConfig.
[0215/073852.388:WARNING:dns_config_service_win.cc(712)] Failed to read DnsConfig.
[0215/073852.482:WARNING:dns_config_service_win.cc(712)] Failed to read DnsConfig.
[0215/073853.203:WARNING:dns_config_service_win.cc(712)] Failed to read DnsConfig.
[0215/073857.409:WARNING:dns_config_service_win.cc(712)] Failed to read DnsConfig.
[0215/073857.488:WARNING:dns_config_service_win.cc(712)] Failed to read DnsConfig.
[0215/073858.210:WARNING:dns_config_service_win.cc(712)] Failed to read DnsConfig.
[0215/073902.443:WARNING:dns_config_service_win.cc(712)] Failed to read DnsConfig.
[0215/073902.497:WARNING:dns_config_service_win.cc(712)] Failed to read DnsConfig.
[0215/073903.218:WARNING:dns_config_service_win.cc(712)] Failed to read DnsConfig.
[0215/073907.454:WARNING:dns_config_service_win.cc(712)] Failed to read DnsConfig.
[0215/073907.516:WARNING:dns_config_service_win.cc(712)] Failed to read DnsConfig.
[0215/073908.238:WARNING:dns_config_service_win.cc(712)] Failed to read DnsConfig.
[0215/073912.477:WARNING:dns_config_service_win.cc(712)] Failed to read DnsConfig.
[0215/073912.537:WARNING:dns_config_service_win.cc(712)] Failed to read DnsConfig.
[0215/073913.258:WARNING:dns_config_service_win.cc(712)] Failed to read DnsConfig.
[0215/073917.481:WARNING:dns_config_service_win.cc(712)] Failed to read DnsConfig.
[0215/073917.544:WARNING:dns_config_service_win.cc(712)] Failed to read DnsConfig.
[0215/073918.265:WARNING:dns_config_service_win.cc(712)] Failed to read DnsConfig.
[0215/073922.499:WARNING:dns_config_service_win.cc(712)] Failed to read DnsConfig.
[0215/073922.562:WARNING:dns_config_service_win.cc(712)] Failed to read DnsConfig.
[0215/073923.284:WARNING:dns_config_service_win.cc(712)] Failed to read DnsConfig.
[0215/073927.508:WARNING:dns_config_service_win.cc(712)] Failed to read DnsConfig.
[0215/073927.586:WARNING:dns_config_service_win.cc(712)] Failed to read DnsConfig.
[0215/073928.293:WARNING:dns_config_service_win.cc(712)] Failed to read DnsConfig.
[0215/073932.533:WARNING:dns_config_service_win.cc(712)] Failed to read DnsConfig.
[0215/073932.607:WARNING:dns_config_service_win.cc(712)] Failed to read DnsConfig.
[0215/073933.314:WARNING:dns_config_service_win.cc(712)] Failed to read DnsConfig.
[0215/073937.536:WARNING:dns_config_service_win.cc(712)] Failed to read DnsConfig.
[0215/073937.630:WARNING:dns_config_service_win.cc(712)] Failed to read DnsConfig.
[0215/073938.336:WARNING:dns_config_service_win.cc(712)] Failed to read DnsConfig.
[0215/073942.557:WARNING:dns_config_service_win.cc(712)] Failed to read DnsConfig.
[0215/073942.657:WARNING:dns_config_service_win.cc(712)] Failed to read DnsConfig.
[0215/073943.359:WARNING:dns_config_service_win.cc(712)] Failed to read DnsConfig.
[0215/073947.579:WARNING:dns_config_service_win.cc(712)] Failed to read DnsConfig.
[0215/073947.674:WARNING:dns_config_service_win.cc(712)] Failed to read DnsConfig.
[0215/073948.380:WARNING:dns_config_service_win.cc(712)] Failed to read DnsConfig.
[0215/073952.599:WARNING:dns_config_service_win.cc(712)] Failed to read DnsConfig.
[0215/073952.693:WARNING:dns_config_service_win.cc(712)] Failed to read DnsConfig.
[0215/073953.400:WARNING:dns_config_service_win.cc(712)] Failed to read DnsConfig.
[0215/073957.621:WARNING:dns_config_service_win.cc(712)] Failed to read DnsConfig.
[0215/073957.715:WARNING:dns_config_service_win.cc(712)] Failed to read DnsConfig.
[0215/073958.420:WARNING:dns_config_service_win.cc(712)] Failed to read DnsConfig.
[0215/074002.641:WARNING:dns_config_service_win.cc(712)] Failed to read DnsConfig.
[0215/074002.735:WARNING:dns_config_service_win.cc(712)] Failed to read DnsConfig.
[0215/074003.442:WARNING:dns_config_service_win.cc(712)] Failed to read DnsConfig.
[0215/074007.666:WARNING:dns_config_service_win.cc(712)] Failed to read DnsConfig.
[0215/074007.760:WARNING:dns_config_service_win.cc(712)] Failed to read DnsConfig.
[0215/074008.452:WARNING:dns_config_service_win.cc(712)] Failed to read DnsConfig.
[0215/074014.861:WARNING:dns_config_service_win.cc(712)] Failed to read DnsConfig.
[0215/074014.923:WARNING:dns_config_service_win.cc(712)] Failed to read DnsConfig.
[0215/074019.867:WARNING:dns_config_service_win.cc(712)] Failed to read DnsConfig.
[0215/074019.945:WARNING:dns_config_service_win.cc(712)] Failed to read DnsConfig.
[0215/074024.893:WARNING:dns_config_service_win.cc(712)] Failed to read DnsConfig.
[0215/074024.971:WARNING:dns_config_service_win.cc(712)] Failed to read DnsConfig.
[0215/074029.912:WARNING:dns_config_service_win.cc(712)] Failed to read DnsConfig.
[0215/074029.990:WARNING:dns_config_service_win.cc(712)] Failed to read DnsConfig.
[0215/074034.931:WARNING:dns_config_service_win.cc(712)] Failed to read DnsConfig.
[0215/074035.010:WARNING:dns_config_service_win.cc(712)] Failed to read DnsConfig.
[0215/074039.948:WARNING:dns_config_service_win.cc(712)] Failed to read DnsConfig.
[0215/074040.026:WARNING:dns_config_service_win.cc(712)] Failed to read DnsConfig.
[0215/074044.966:WARNING:dns_config_service_win.cc(712)] Failed to read DnsConfig.
[0215/074045.044:WARNING:dns_config_service_win.cc(712)] Failed to read DnsConfig.
[0215/074049.972:WARNING:dns_config_service_win.cc(712)] Failed to read DnsConfig.
[0215/074050.066:WARNING:dns_config_service_win.cc(712)] Failed to read DnsConfig.
[0215/074054.986:WARNING:dns_config_service_win.cc(712)] Failed to read DnsConfig.
[0215/074055.080:WARNING:dns_config_service_win.cc(712)] Failed to read DnsConfig.
[0215/074100.006:WARNING:dns_config_service_win.cc(712)] Failed to read DnsConfig.
[0215/074100.101:WARNING:dns_config_service_win.cc(712)] Failed to read DnsConfig.
[0215/074105.031:WARNING:dns_config_service_win.cc(712)] Failed to read DnsConfig.
[0215/074105.124:WARNING:dns_config_service_win.cc(712)] Failed to read DnsConfig.
[0215/074110.053:WARNING:dns_config_service_win.cc(712)] Failed to read DnsConfig.
[0215/074110.147:WARNING:dns_config_service_win.cc(712)] Failed to read DnsConfig.
[0215/074115.071:WARNING:dns_config_service_win.cc(712)] Failed to read DnsConfig.
[0215/074115.165:WARNING:dns_config_service_win.cc(712)] Failed to read DnsConfig.
[0215/074120.092:WARNING:dns_config_service_win.cc(712)] Failed to read DnsConfig.
[0215/074120.187:WARNING:dns_config_service_win.cc(712)] Failed to read DnsConfig.
[0215/074615.891:WARNING:dns_config_service_win.cc(712)] Failed to read DnsConfig.
[0215/074615.937:WARNING:dns_config_service_win.cc(712)] Failed to read DnsConfig.
[0215/074626.095:WARNING:dns_config_service_win.cc(712)] Failed to read DnsConfig.
[0215/074626.142:WARNING:dns_config_service_win.cc(712)] Failed to read DnsConfig.
[0215/074631.123:WARNING:dns_config_service_win.cc(712)] Failed to read DnsConfig.
[0215/074631.155:WARNING:dns_config_service_win.cc(712)] Failed to read DnsConfig.
[0215/074636.126:WARNING:dns_config_service_win.cc(712)] Failed to read DnsConfig.
[0215/074636.173:WARNING:dns_config_service_win.cc(712)] Failed to read DnsConfig.
[0215/074641.137:WARNING:dns_config_service_win.cc(712)] Failed to read DnsConfig.
[0215/074641.187:WARNING:dns_config_service_win.cc(712)] Failed to read DnsConfig.
[0215/074646.146:WARNING:dns_config_service_win.cc(712)] Failed to read DnsConfig.
[0215/074646.195:WARNING:dns_config_service_win.cc(712)] Failed to read DnsConfig.
[0215/074651.172:WARNING:dns_config_service_win.cc(712)] Failed to read DnsConfig.
[0215/074651.219:WARNING:dns_config_service_win.cc(712)] Failed to read DnsConfig.
[0215/074656.190:WARNING:dns_config_service_win.cc(712)] Failed to read DnsConfig.
[0215/074656.245:WARNING:dns_config_service_win.cc(712)] Failed to read DnsConfig.
[0215/074701.227:WARNING:dns_config_service_win.cc(712)] Failed to read DnsConfig.
[0215/074701.268:WARNING:dns_config_service_win.cc(712)] Failed to read DnsConfig.
[0215/074706.246:WARNING:dns_config_service_win.cc(712)] Failed to read DnsConfig.
[0215/074706.289:WARNING:dns_config_service_win.cc(712)] Failed to read DnsConfig.
[0215/074711.264:WARNING:dns_config_service_win.cc(712)] Failed to read DnsConfig.
[0215/074711.314:WARNING:dns_config_service_win.cc(712)] Failed to read DnsConfig.
[0215/074716.291:WARNING:dns_config_service_win.cc(712)] Failed to read DnsConfig.
[0215/074716.339:WARNING:dns_config_service_win.cc(712)] Failed to read DnsConfig.
[0215/074721.312:WARNING:dns_config_service_win.cc(712)] Failed to read DnsConfig.
[0215/074721.357:WARNING:dns_config_service_win.cc(712)] Failed to read DnsConfig.
[0215/083839.639:INFO:CONSOLE(257)] "Uncaught SyntaxError: Identifier 'currentIndex' has already been declared", source: file:///C:/Projects/Deveolpment/Yesu%20Krupalaya%20Bada/Test1/main.html (257)
[0215/083846.314:INFO:CONSOLE(257)] "Uncaught SyntaxError: Identifier 'currentIndex' has already been declared", source: file:///C:/Projects/Deveolpment/Yesu%20Krupalaya%20Bada/Test1/main.html (257)
[0215/083846.493:INFO:CONSOLE(257)] "Uncaught SyntaxError: Identifier 'currentIndex' has already been declared", source: file:///C:/Projects/Deveolpment/Yesu%20Krupalaya%20Bada/Test1/main.html (257)
[0215/083855.710:INFO:CONSOLE(257)] "Uncaught SyntaxError: Identifier 'currentIndex' has already been declared", source: file:///C:/Projects/Deveolpment/Yesu%20Krupalaya%20Bada/Test1/main.html (257)
[0215/083855.837:INFO:CONSOLE(257)] "Uncaught SyntaxError: Identifier 'currentIndex' has already been declared", source: file:///C:/Projects/Deveolpment/Yesu%20Krupalaya%20Bada/Test1/main.html (257)
[0215/083933.743:INFO:CONSOLE(257)] "Uncaught SyntaxError: Identifier 'currentIndex' has already been declared", source: file:///C:/Projects/Deveolpment/Yesu%20Krupalaya%20Bada/Test1/main.html (257)
[0215/084438.981:INFO:CONSOLE(257)] "Uncaught SyntaxError: Identifier 'currentIndex' has already been declared", source: file:///C:/Projects/Deveolpment/Yesu%20Krupalaya%20Bada/Test1/main.html (257)
[0215/084439.061:INFO:CONSOLE(280)] "Uncaught SyntaxError: Identifier 'currentIndex' has already been declared", source: file:///C:/Projects/Deveolpment/Yesu%20Krupalaya%20Bada/Test1/main.html (280)
[0215/084850.745:INFO:CONSOLE(280)] "Uncaught SyntaxError: Identifier 'currentIndex' has already been declared", source: file:///C:/Projects/Deveolpment/Yesu%20Krupalaya%20Bada/Test1/main.html (280)
[0215/084850.791:INFO:CONSOLE(249)] "Uncaught SyntaxError: Identifier 'currentIndex' has already been declared", source: file:///C:/Projects/Deveolpment/Yesu%20Krupalaya%20Bada/Test1/main.html (249)
[0215/085001.671:INFO:CONSOLE(249)] "Uncaught SyntaxError: Identifier 'currentIndex' has already been declared", source: file:///C:/Projects/Deveolpment/Yesu%20Krupalaya%20Bada/Test1/main.html (249)
[0215/085001.729:INFO:CONSOLE(249)] "Uncaught SyntaxError: Identifier 'currentIndex' has already been declared", source: file:///C:/Projects/Deveolpment/Yesu%20Krupalaya%20Bada/Test1/main.html (249)
[0215/085057.527:INFO:CONSOLE(249)] "Uncaught SyntaxError: Identifier 'currentIndex' has already been declared", source: file:///C:/Projects/Deveolpment/Yesu%20Krupalaya%20Bada/Test1/main.html (249)
[0215/085057.624:INFO:CONSOLE(249)] "Uncaught SyntaxError: Identifier 'currentIndex' has already been declared", source: file:///C:/Projects/Deveolpment/Yesu%20Krupalaya%20Bada/Test1/main.html (249)
[0215/085104.412:INFO:CONSOLE(249)] "Uncaught SyntaxError: Identifier 'currentIndex' has already been declared", source: file:///C:/Projects/Deveolpment/Yesu%20Krupalaya%20Bada/Test1/main.html (249)
[0215/085104.528:INFO:CONSOLE(249)] "Uncaught SyntaxError: Identifier 'currentIndex' has already been declared", source: file:///C:/Projects/Deveolpment/Yesu%20Krupalaya%20Bada/Test1/main.html (249)
[0215/085108.842:INFO:CONSOLE(249)] "Uncaught SyntaxError: Identifier 'currentIndex' has already been declared", source: file:///C:/Projects/Deveolpment/Yesu%20Krupalaya%20Bada/Test1/main.html (249)
[0215/085108.938:INFO:CONSOLE(256)] "Uncaught SyntaxError: Identifier 'currentIndex' has already been declared", source: file:///C:/Projects/Deveolpment/Yesu%20Krupalaya%20Bada/Test1/main.html (256)
[0215/085402.561:INFO:CONSOLE(256)] "Uncaught SyntaxError: Identifier 'currentIndex' has already been declared", source: file:///C:/Projects/Deveolpment/Yesu%20Krupalaya%20Bada/Test1/main.html (256)
[0215/085402.641:INFO:CONSOLE(280)] "Uncaught SyntaxError: Identifier 'currentIndex' has already been declared", source: file:///C:/Projects/Deveolpment/Yesu%20Krupalaya%20Bada/Test1/main.html (280)
[0215/085420.752:INFO:CONSOLE(280)] "Uncaught SyntaxError: Identifier 'currentIndex' has already been declared", source: file:///C:/Projects/Deveolpment/Yesu%20Krupalaya%20Bada/Test1/main.html (280)
[0215/085420.850:INFO:CONSOLE(280)] "Uncaught SyntaxError: Identifier 'currentIndex' has already been declared", source: file:///C:/Projects/Deveolpment/Yesu%20Krupalaya%20Bada/Test1/main.html (280)
[0215/085519.953:INFO:CONSOLE(280)] "Uncaught SyntaxError: Identifier 'currentIndex' has already been declared", source: file:///C:/Projects/Deveolpment/Yesu%20Krupalaya%20Bada/Test1/main.html (280)
[0215/085520.073:INFO:CONSOLE(280)] "Uncaught SyntaxError: Identifier 'currentIndex' has already been declared", source: file:///C:/Projects/Deveolpment/Yesu%20Krupalaya%20Bada/Test1/main.html (280)
[0215/085526.142:INFO:CONSOLE(280)] "Uncaught SyntaxError: Identifier 'currentIndex' has already been declared", source: file:///C:/Projects/Deveolpment/Yesu%20Krupalaya%20Bada/Test1/main.html (280)
[0215/085526.198:INFO:CONSOLE(280)] "Uncaught SyntaxError: Identifier 'currentIndex' has already been declared", source: file:///C:/Projects/Deveolpment/Yesu%20Krupalaya%20Bada/Test1/main.html (280)
[0215/085529.842:INFO:CONSOLE(280)] "Uncaught SyntaxError: Identifier 'currentIndex' has already been declared", source: file:///C:/Projects/Deveolpment/Yesu%20Krupalaya%20Bada/Test1/main.html (280)
[0215/085529.948:INFO:CONSOLE(280)] "Uncaught SyntaxError: Identifier 'currentIndex' has already been declared", source: file:///C:/Projects/Deveolpment/Yesu%20Krupalaya%20Bada/Test1/main.html (280)
[0215/085530.283:INFO:CONSOLE(280)] "Uncaught SyntaxError: Identifier 'currentIndex' has already been declared", source: file:///C:/Projects/Deveolpment/Yesu%20Krupalaya%20Bada/Test1/main.html (280)
[0215/085530.346:INFO:CONSOLE(280)] "Uncaught SyntaxError: Identifier 'currentIndex' has already been declared", source: file:///C:/Projects/Deveolpment/Yesu%20Krupalaya%20Bada/Test1/main.html (280)
[0215/085530.996:INFO:CONSOLE(280)] "Uncaught SyntaxError: Identifier 'currentIndex' has already been declared", source: file:///C:/Projects/Deveolpment/Yesu%20Krupalaya%20Bada/Test1/main.html (280)
[0215/085531.053:INFO:CONSOLE(280)] "Uncaught SyntaxError: Identifier 'currentIndex' has already been declared", source: file:///C:/Projects/Deveolpment/Yesu%20Krupalaya%20Bada/Test1/main.html (280)
[0215/085531.853:INFO:CONSOLE(280)] "Uncaught SyntaxError: Identifier 'currentIndex' has already been declared", source: file:///C:/Projects/Deveolpment/Yesu%20Krupalaya%20Bada/Test1/main.html (280)
[0215/085531.947:INFO:CONSOLE(280)] "Uncaught SyntaxError: Identifier 'currentIndex' has already been declared", source: file:///C:/Projects/Deveolpment/Yesu%20Krupalaya%20Bada/Test1/main.html (280)
[0215/085540.076:INFO:CONSOLE(280)] "Uncaught SyntaxError: Identifier 'currentIndex' has already been declared", source: file:///C:/Projects/Deveolpment/Yesu%20Krupalaya%20Bada/Test1/main.html (280)
[0215/085540.229:INFO:CONSOLE(280)] "Uncaught SyntaxError: Identifier 'currentIndex' has already been declared", source: file:///C:/Projects/Deveolpment/Yesu%20Krupalaya%20Bada/Test1/main.html (280)
[0215/085540.733:INFO:CONSOLE(280)] "Uncaught SyntaxError: Identifier 'currentIndex' has already been declared", source: file:///C:/Projects/Deveolpment/Yesu%20Krupalaya%20Bada/Test1/main.html (280)
[0215/085540.776:INFO:CONSOLE(280)] "Uncaught SyntaxError: Identifier 'currentIndex' has already been declared", source: file:///C:/Projects/Deveolpment/Yesu%20Krupalaya%20Bada/Test1/main.html (280)
[0215/085546.473:INFO:CONSOLE(280)] "Uncaught SyntaxError: Identifier 'currentIndex' has already been declared", source: file:///C:/Projects/Deveolpment/Yesu%20Krupalaya%20Bada/Test1/main.html (280)
[0215/085546.584:INFO:CONSOLE(280)] "Uncaught SyntaxError: Identifier 'currentIndex' has already been declared", source: file:///C:/Projects/Deveolpment/Yesu%20Krupalaya%20Bada/Test1/main.html (280)
[0215/085555.028:INFO:CONSOLE(280)] "Uncaught SyntaxError: Identifier 'currentIndex' has already been declared", source: file:///C:/Projects/Deveolpment/Yesu%20Krupalaya%20Bada/Test1/main.html (280)
[0215/085555.124:INFO:CONSOLE(280)] "Uncaught SyntaxError: Identifier 'currentIndex' has already been declared", source: file:///C:/Projects/Deveolpment/Yesu%20Krupalaya%20Bada/Test1/main.html (280)
[0215/085734.235:INFO:CONSOLE(280)] "Uncaught SyntaxError: Identifier 'currentIndex' has already been declared", source: file:///C:/Projects/Deveolpment/Yesu%20Krupalaya%20Bada/Test1/main.html (280)
[0215/085734.391:INFO:CONSOLE(280)] "Uncaught SyntaxError: Identifier 'currentIndex' has already been declared", source: file:///C:/Projects/Deveolpment/Yesu%20Krupalaya%20Bada/Test1/main.html (280)
[0215/085741.344:INFO:CONSOLE(280)] "Uncaught SyntaxError: Identifier 'currentIndex' has already been declared", source: file:///C:/Projects/Deveolpment/Yesu%20Krupalaya%20Bada/Test1/main.html (280)
[0215/085741.454:INFO:CONSOLE(313)] "Uncaught SyntaxError: Identifier 'currentIndex' has already been declared", source: file:///C:/Projects/Deveolpment/Yesu%20Krupalaya%20Bada/Test1/main.html (313)
[0215/085752.426:INFO:CONSOLE(313)] "Uncaught SyntaxError: Identifier 'currentIndex' has already been declared", source: file:///C:/Projects/Deveolpment/Yesu%20Krupalaya%20Bada/Test1/main.html (313)
[0215/085752.473:INFO:CONSOLE(313)] "Uncaught SyntaxError: Identifier 'currentIndex' has already been declared", source: file:///C:/Projects/Deveolpment/Yesu%20Krupalaya%20Bada/Test1/main.html (313)
[0215/085804.489:INFO:CONSOLE(313)] "Uncaught SyntaxError: Identifier 'currentIndex' has already been declared", source: file:///C:/Projects/Deveolpment/Yesu%20Krupalaya%20Bada/Test1/main.html (313)
[0215/085804.591:INFO:CONSOLE(313)] "Uncaught SyntaxError: Identifier 'currentIndex' has already been declared", source: file:///C:/Projects/Deveolpment/Yesu%20Krupalaya%20Bada/Test1/main.html (313)
[0215/085805.351:INFO:CONSOLE(313)] "Uncaught SyntaxError: Identifier 'currentIndex' has already been declared", source: file:///C:/Projects/Deveolpment/Yesu%20Krupalaya%20Bada/Test1/main.html (313)
[0215/085805.431:INFO:CONSOLE(313)] "Uncaught SyntaxError: Identifier 'currentIndex' has already been declared", source: file:///C:/Projects/Deveolpment/Yesu%20Krupalaya%20Bada/Test1/main.html (313)
[0215/085811.375:INFO:CONSOLE(313)] "Uncaught SyntaxError: Identifier 'currentIndex' has already been declared", source: file:///C:/Projects/Deveolpment/Yesu%20Krupalaya%20Bada/Test1/main.html (313)
[0215/085811.455:INFO:CONSOLE(313)] "Uncaught SyntaxError: Identifier 'currentIndex' has already been declared", source: file:///C:/Projects/Deveolpment/Yesu%20Krupalaya%20Bada/Test1/main.html (313)
[0215/085812.433:INFO:CONSOLE(313)] "Uncaught SyntaxError: Identifier 'currentIndex' has already been declared", source: file:///C:/Projects/Deveolpment/Yesu%20Krupalaya%20Bada/Test1/main.html (313)
[0215/085812.481:INFO:CONSOLE(313)] "Uncaught SyntaxError: Identifier 'currentIndex' has already been declared", source: file:///C:/Projects/Deveolpment/Yesu%20Krupalaya%20Bada/Test1/main.html (313)
[0215/085919.568:INFO:CONSOLE(313)] "Uncaught SyntaxError: Identifier 'currentIndex' has already been declared", source: file:///C:/Projects/Deveolpment/Yesu%20Krupalaya%20Bada/Test1/main.html (313)
[0215/085919.668:INFO:CONSOLE(313)] "Uncaught SyntaxError: Identifier 'currentIndex' has already been declared", source: file:///C:/Projects/Deveolpment/Yesu%20Krupalaya%20Bada/Test1/main.html (313)
[0215/090032.767:INFO:CONSOLE(313)] "Uncaught SyntaxError: Identifier 'currentIndex' has already been declared", source: file:///C:/Projects/Deveolpment/Yesu%20Krupalaya%20Bada/Test1/main.html (313)
[0215/090032.858:INFO:CONSOLE(351)] "Uncaught SyntaxError: Identifier 'currentIndex' has already been declared", source: file:///C:/Projects/Deveolpment/Yesu%20Krupalaya%20Bada/Test1/main.html (351)
[0215/090045.331:INFO:CONSOLE(351)] "Uncaught SyntaxError: Identifier 'currentIndex' has already been declared", source: file:///C:/Projects/Deveolpment/Yesu%20Krupalaya%20Bada/Test1/main.html (351)
[0215/090045.368:INFO:CONSOLE(351)] "Uncaught SyntaxError: Identifier 'currentIndex' has already been declared", source: file:///C:/Projects/Deveolpment/Yesu%20Krupalaya%20Bada/Test1/main.html (351)
[0215/090055.583:INFO:CONSOLE(351)] "Uncaught SyntaxError: Identifier 'currentIndex' has already been declared", source: file:///C:/Projects/Deveolpment/Yesu%20Krupalaya%20Bada/Test1/main.html (351)
[0215/090055.723:INFO:CONSOLE(351)] "Uncaught SyntaxError: Identifier 'currentIndex' has already been declared", source: file:///C:/Projects/Deveolpment/Yesu%20Krupalaya%20Bada/Test1/main.html (351)
[0215/090103.995:INFO:CONSOLE(351)] "Uncaught SyntaxError: Identifier 'currentIndex' has already been declared", source: file:///C:/Projects/Deveolpment/Yesu%20Krupalaya%20Bada/Test1/main.html (351)
[0215/090104.062:INFO:CONSOLE(280)] "Uncaught SyntaxError: Identifier 'currentIndex' has already been declared", source: file:///C:/Projects/Deveolpment/Yesu%20Krupalaya%20Bada/Test1/main.html (280)
[0215/090110.292:INFO:CONSOLE(280)] "Uncaught SyntaxError: Identifier 'currentIndex' has already been declared", source: file:///C:/Projects/Deveolpment/Yesu%20Krupalaya%20Bada/Test1/main.html (280)
[0215/090110.394:INFO:CONSOLE(280)] "Uncaught SyntaxError: Identifier 'currentIndex' has already been declared", source: file:///C:/Projects/Deveolpment/Yesu%20Krupalaya%20Bada/Test1/main.html (280)
[0215/090116.187:INFO:CONSOLE(280)] "Uncaught SyntaxError: Identifier 'currentIndex' has already been declared", source: file:///C:/Projects/Deveolpment/Yesu%20Krupalaya%20Bada/Test1/main.html (280)
[0215/090124.130:INFO:CONSOLE(280)] "Uncaught SyntaxError: Identifier 'currentIndex' has already been declared", source: file:///C:/Projects/Deveolpment/Yesu%20Krupalaya%20Bada/Test1/main.html (280)
[0215/090124.240:INFO:CONSOLE(257)] "Uncaught SyntaxError: Identifier 'currentIndex' has already been declared", source: file:///C:/Projects/Deveolpment/Yesu%20Krupalaya%20Bada/Test1/main.html (257)
[0215/090131.210:INFO:CONSOLE(257)] "Uncaught SyntaxError: Identifier 'currentIndex' has already been declared", source: file:///C:/Projects/Deveolpment/Yesu%20Krupalaya%20Bada/Test1/main.html (257)
[0215/093223.692:INFO:CONSOLE(341)] "Uncaught ReferenceError: moveSlide is not defined", source: file:///C:/Projects/Deveolpment/Yesu%20Krupalaya%20Bada/Test1/main.html#welcome (341)
[0215/093224.404:INFO:CONSOLE(341)] "Uncaught ReferenceError: moveSlide is not defined", source: file:///C:/Projects/Deveolpment/Yesu%20Krupalaya%20Bada/Test1/main.html#welcome (341)
[0215/093224.777:INFO:CONSOLE(341)] "Uncaught ReferenceError: moveSlide is not defined", source: file:///C:/Projects/Deveolpment/Yesu%20Krupalaya%20Bada/Test1/main.html#welcome (341)
